<component name="ProjectRunConfigurationManager">
  <configuration default="false" name="test webclient" type="js.build_tools.npm">
    <package-json value="$PROJECT_DIR$/webclient/package.json" />
    <command value="test" />
    <node-interpreter value="project" />
    <envs />
    <method v="2" />
  </configuration>
</component>